<?xml version="1.0" encoding="UTF-8"?>
<!-- Generated by org.testng.reporters.JUnitReportReporter -->
<testsuite hostname="MacBook-Pro-2.local" name="cucumberoptions.RunCukeTest" tests="1" failures="0" timestamp="7 Apr 2019 15:00:54 GMT" time="133.911" errors="0">
  <testcase name="feature" time="133.911" classname="cucumberoptions.RunCukeTest"/>
</testsuite> <!-- cucumberoptions.RunCukeTest -->
