<?xml version="1.0" encoding="UTF-8"?>
<!-- Generated by org.testng.reporters.JUnitReportReporter -->
<testsuite skipped="0" hostname="MacBook-Pro-3.local" name="com.fpt.SwiftFormsApplication" tests="1" failures="0" timestamp="17 Apr 2019 02:22:05 GMT" time="76.942" errors="0">
  <testcase name="test" time="76.942" classname="com.fpt.SwiftFormsApplication"/>
</testsuite> <!-- com.fpt.SwiftFormsApplication -->
