<?xml version="1.0" encoding="UTF-8"?>
<!-- Generated by org.testng.reporters.JUnitReportReporter -->
<testsuite skipped="0" hostname="MacBook-Pro-3.local" name="Excercise1.MobileWebAppOnAndroid" tests="1" failures="0" timestamp="17 Apr 2019 01:59:26 GMT" time="16.975" errors="0">
  <testcase name="Test" time="16.975" classname="Excercise1.MobileWebAppOnAndroid"/>
</testsuite> <!-- Excercise1.MobileWebAppOnAndroid -->
