<?xml version="1.0" encoding="UTF-8"?>
<!-- Generated by org.testng.reporters.JUnitReportReporter -->
<testsuite skipped="0" hostname="MacBook-Pro-3.local" name="com.fpt.MobileWebAppOnAndroid" tests="1" failures="0" timestamp="17 Apr 2019 03:12:19 GMT" time="19.522" errors="0">
  <testcase name="Test" time="19.522" classname="com.fpt.MobileWebAppOnAndroid"/>
</testsuite> <!-- com.fpt.MobileWebAppOnAndroid -->
