<?xml version="1.0" encoding="UTF-8"?>
<!-- Generated by org.testng.reporters.JUnitReportReporter -->
<testsuite hostname="MacBook-Pro-3.local" name="cucumberoptions.RunCukeTest" tests="1" failures="0" timestamp="16 Apr 2019 04:58:18 GMT" time="424.653" errors="0">
  <testcase name="feature" time="424.653" classname="cucumberoptions.RunCukeTest"/>
</testsuite> <!-- cucumberoptions.RunCukeTest -->
