<?xml version="1.0" encoding="UTF-8"?>
<!-- Generated by org.testng.reporters.JUnitReportReporter -->
<testsuite hostname="MacBook-Pro-3.local" name="cucumberoptions.RunCukeTest" tests="1" failures="0" timestamp="9 Apr 2019 15:08:03 GMT" time="447.118" errors="0">
  <testcase name="feature" time="447.118" classname="cucumberoptions.RunCukeTest"/>
</testsuite> <!-- cucumberoptions.RunCukeTest -->
