<?xml version="1.0" encoding="UTF-8"?>
<!-- Generated by org.testng.reporters.JUnitReportReporter -->
<testsuite skipped="0" hostname="MacBook-Pro-3.local" name="com.fpt.TikiAppTestOnAndroid" tests="1" failures="0" timestamp="17 Apr 2019 02:44:02 GMT" time="75.017" errors="0">
  <testcase name="testForTiki" time="75.017" classname="com.fpt.TikiAppTestOnAndroid"/>
</testsuite> <!-- com.fpt.TikiAppTestOnAndroid -->
