<?xml version="1.0" encoding="UTF-8"?>
<!-- Generated by org.testng.reporters.JUnitReportReporter -->
<testsuite skipped="0" hostname="MacBook-Pro-3.local" name="com.fpt.TestTiKiApp" tests="1" failures="0" timestamp="17 Apr 2019 02:52:50 GMT" time="80.532" errors="0">
  <testcase name="test" time="80.532" classname="com.fpt.TestTiKiApp"/>
</testsuite> <!-- com.fpt.TestTiKiApp -->
