<?xml version="1.0" encoding="UTF-8"?>
<!-- Generated by org.testng.reporters.JUnitReportReporter -->
<testsuite skipped="1" hostname="MacBook-Pro-3.local" name="Excercise1.TestSafariWebApp" tests="1" failures="0" timestamp="10 Apr 2019 07:29:35 GMT" time="0.000" errors="0">
  <testcase name="test" time="0.000" classname="Excercise1.TestSafariWebApp">
    <skipped/>
  </testcase> <!-- test -->
</testsuite> <!-- Excercise1.TestSafariWebApp -->
