<?xml version="1.0" encoding="UTF-8"?>
<!-- Generated by org.testng.reporters.JUnitReportReporter -->
<testsuite skipped="0" hostname="MacBook-Pro-3.local" name="com.fpt.excercise1.TestTiKiApp" tests="1" failures="0" timestamp="11 Apr 2019 01:43:16 GMT" time="107.442" errors="0">
  <testcase name="test" time="107.442" classname="com.fpt.excercise1.TestTiKiApp"/>
</testsuite> <!-- com.fpt.excercise1.TestTiKiApp -->
