<?xml version="1.0" encoding="UTF-8"?>
<!-- Generated by org.testng.reporters.JUnitReportReporter -->
<testsuite skipped="0" hostname="MacBook-Pro-2.local" name="excercise2.HybridAppTestOnAndroid" tests="1" failures="0" timestamp="01 Apr 2019 03:01:24 GMT" time="12.479" errors="0">
  <testcase name="Test" time="12.479" classname="excercise2.HybridAppTestOnAndroid"/>
</testsuite> <!-- excercise2.HybridAppTestOnAndroid -->
