<?xml version="1.0" encoding="UTF-8"?>
<!-- Generated by org.testng.reporters.JUnitReportReporter -->
<testsuite skipped="0" hostname="MacBook-Pro-2.local" name="Excercise1.TestLoginApp" tests="1" failures="0" timestamp="30 Mar 2019 14:14:00 GMT" time="0.978" errors="0">
  <testcase name="test" time="0.978" classname="Excercise1.TestLoginApp"/>
</testsuite> <!-- Excercise1.TestLoginApp -->
