<?xml version="1.0" encoding="UTF-8"?>
<!-- Generated by org.testng.reporters.JUnitReportReporter -->
<testsuite skipped="0" hostname="MacBook-Pro-2.local" name="Example.MobileHybricAppOnAndroid" tests="1" failures="0" timestamp="31 Mar 2019 10:25:54 GMT" time="8.907" errors="0">
  <testcase name="Test" time="8.907" classname="Example.MobileHybricAppOnAndroid"/>
</testsuite> <!-- Example.MobileHybricAppOnAndroid -->
