<?xml version="1.0" encoding="UTF-8"?>
<!-- Generated by org.testng.reporters.JUnitReportReporter -->
<testsuite skipped="0" hostname="MacBook-Pro-2.local" name="Example.MobileWebAppOnAndroid" tests="1" failures="0" timestamp="31 Mar 2019 09:22:20 GMT" time="16.692" errors="0">
  <testcase name="Test" time="16.692" classname="Example.MobileWebAppOnAndroid"/>
</testsuite> <!-- Example.MobileWebAppOnAndroid -->
