<?xml version="1.0" encoding="UTF-8"?>
<!-- Generated by org.testng.reporters.JUnitReportReporter -->
<testsuite hostname="MacBook-Pro-3.local" name="cucumberoptions.RunCukeTest" tests="1" failures="0" timestamp="12 Apr 2019 04:36:35 GMT" time="515.921" errors="0">
  <testcase name="feature" time="515.921" classname="cucumberoptions.RunCukeTest"/>
</testsuite> <!-- cucumberoptions.RunCukeTest -->
