<?xml version="1.0" encoding="UTF-8"?>
<!-- Generated by org.testng.reporters.JUnitReportReporter -->
<testsuite hostname="MacBook-Pro-2.local" name="cucumberoptions.RunCukeTest" tests="1" failures="0" timestamp="8 Apr 2019 02:35:41 GMT" time="517.762" errors="0">
  <testcase name="feature" time="517.762" classname="cucumberoptions.RunCukeTest"/>
</testsuite> <!-- cucumberoptions.RunCukeTest -->
