<?xml version="1.0" encoding="UTF-8"?>
<!-- Generated by org.testng.reporters.JUnitReportReporter -->
<testsuite skipped="0" hostname="MacBook-Pro-3.local" name="Excercise2.HybridAppTestOnAndroid" tests="1" failures="0" timestamp="17 Apr 2019 02:03:03 GMT" time="11.574" errors="0">
  <testcase name="Test" time="11.574" classname="Excercise2.HybridAppTestOnAndroid"/>
</testsuite> <!-- Excercise2.HybridAppTestOnAndroid -->
