<?xml version="1.0" encoding="UTF-8"?>
<!-- Generated by org.testng.reporters.JUnitReportReporter -->
<testsuite skipped="0" hostname="MacBook-Pro-3.local" name="com.fpt.TestEurekaApp" tests="1" failures="0" timestamp="17 Apr 2019 02:59:54 GMT" time="95.413" errors="0">
  <testcase name="test" time="95.413" classname="com.fpt.TestEurekaApp"/>
</testsuite> <!-- com.fpt.TestEurekaApp -->
