<?xml version="1.0" encoding="UTF-8"?>
<!-- Generated by org.testng.reporters.JUnitReportReporter -->
<testsuite hostname="MacBook-Pro-3.local" name="cucumberoptions.RunCukeTest" tests="1" failures="0" timestamp="8 Apr 2019 08:20:12 GMT" time="91.619" errors="0">
  <testcase name="feature" time="91.619" classname="cucumberoptions.RunCukeTest"/>
</testsuite> <!-- cucumberoptions.RunCukeTest -->
