<?xml version="1.0" encoding="UTF-8"?>
<!-- Generated by org.testng.reporters.JUnitReportReporter -->
<testsuite skipped="0" hostname="MacBook-Pro-3.local" name="com.fpt.HybridAppTestOnAndroid" tests="1" failures="0" timestamp="17 Apr 2019 03:10:59 GMT" time="16.913" errors="0">
  <testcase name="Test" time="16.913" classname="com.fpt.HybridAppTestOnAndroid"/>
</testsuite> <!-- com.fpt.HybridAppTestOnAndroid -->
